<?xml version="1.0" encoding="utf-8"?><testsuites name="pytest tests"><testsuite name="pytest" errors="0" failures="0" skipped="0" tests="4" time="0.632" timestamp="2026-03-09T13:35:38.614790+00:00" hostname="agent-env-b0feaafb-9434-41ec-a8fb-5d7f66853c8b"><testcase classname="backend.tests.test_public_api" name="test_api_root_ok" time="0.194" /><testcase classname="backend.tests.test_public_api" name="test_status_create_and_list" time="0.117" /><testcase classname="backend.tests.test_public_api" name="test_contact_inquiry_create_and_get_persistence" time="0.103" /><testcase classname="backend.tests.test_public_api" name="test_contact_inquiry_validation_error" time="0.060" /></testsuite></testsuites>